2025-02-15 21:28:04,698 INFO o.a.j.u.JMeterUtils: Setting Locale to en_EN
2025-02-15 21:28:04,709 INFO o.a.j.JMeter: Loading user properties from: /opt/homebrew/Cellar/jmeter/5.6.3/libexec/bin/user.properties
2025-02-15 21:28:04,710 INFO o.a.j.JMeter: Loading system properties from: /opt/homebrew/Cellar/jmeter/5.6.3/libexec/bin/system.properties
2025-02-15 21:28:04,713 INFO o.a.j.JMeter: Copyright (c) 1998-2024 The Apache Software Foundation
2025-02-15 21:28:04,713 INFO o.a.j.JMeter: Version 5.6.3
2025-02-15 21:28:04,713 INFO o.a.j.JMeter: java.version=21.0.5
2025-02-15 21:28:04,713 INFO o.a.j.JMeter: java.vm.name=OpenJDK 64-Bit Server VM
2025-02-15 21:28:04,713 INFO o.a.j.JMeter: os.name=Mac OS X
2025-02-15 21:28:04,713 INFO o.a.j.JMeter: os.arch=aarch64
2025-02-15 21:28:04,713 INFO o.a.j.JMeter: os.version=13.6.3
2025-02-15 21:28:04,713 INFO o.a.j.JMeter: file.encoding=UTF-8
2025-02-15 21:28:04,713 INFO o.a.j.JMeter: java.awt.headless=null
2025-02-15 21:28:04,713 INFO o.a.j.JMeter: Max memory     =1073741824
2025-02-15 21:28:04,713 INFO o.a.j.JMeter: Available Processors =8
2025-02-15 21:28:04,718 INFO o.a.j.JMeter: Default Locale=English (EN)
2025-02-15 21:28:04,719 INFO o.a.j.JMeter: JMeter  Locale=English (EN)
2025-02-15 21:28:04,719 INFO o.a.j.JMeter: JMeterHome=/opt/homebrew/Cellar/jmeter/5.6.3/libexec
2025-02-15 21:28:04,719 INFO o.a.j.JMeter: user.dir  =/Users/liudmylamalomuzh/Downloads/BooksApiTesting
2025-02-15 21:28:04,719 INFO o.a.j.JMeter: PWD       =/Users/liudmylamalomuzh/Downloads/BooksApiTesting
2025-02-15 21:28:04,721 INFO o.a.j.JMeter: IP: 127.0.0.1 Name: Liudmylas-MacBook-Pro.local FullName: localhost
2025-02-15 21:28:04,729 INFO o.a.j.JMeter: Loaded icon properties from org/apache/jmeter/images/icon.properties
2025-02-15 21:28:04,977 INFO o.a.j.JMeterGuiLauncher: Setting LAF to: com.github.weisj.darklaf.DarkLaf:com.github.weisj.darklaf.theme.DarculaTheme
2025-02-15 21:28:05,775 INFO o.a.j.r.ClassFinder: Will scan jar /opt/homebrew/Cellar/jmeter/5.6.3/libexec/lib/ext/jmeter-plugins-manager-1.9.jar with filter ExtendsClassFilter [parents=[interface org.apache.jmeter.gui.action.Command], inner=false, contains=null, notContains=null]. Consider exposing JMeter plugins via META-INF/services, and add JMeter-Skip-Class-Scanning=true manifest attribute so JMeter can skip classfile scanning
2025-02-15 21:28:05,901 INFO o.a.j.r.ClassFinder: Will scan jar /opt/homebrew/Cellar/jmeter/5.6.3/libexec/lib/ext/jmeter-plugins-manager-1.9.jar with filter ExtendsClassFilter [parents=[interface org.apache.jmeter.gui.plugin.MenuCreator], inner=false, contains=null, notContains=null]. Consider exposing JMeter plugins via META-INF/services, and add JMeter-Skip-Class-Scanning=true manifest attribute so JMeter can skip classfile scanning
2025-02-15 21:28:05,975 INFO o.j.r.JARSourceHTTP: Found cached repo
2025-02-15 21:28:06,063 INFO o.j.r.PluginManager: Plugins Status: [jpgc-plugins-manager=1.9, jmeter-core=5.6.3, jmeter-ftp=5.6.3, jmeter-http=5.6.3, jmeter-jdbc=5.6.3, jmeter-jms=5.6.3, jmeter-junit=5.6.3, jmeter-java=5.6.3, jmeter-ldap=5.6.3, jmeter-mail=5.6.3, jmeter-mongodb=5.6.3, jmeter-native=5.6.3, jmeter-tcp=5.6.3, jmeter-components=5.6.3]
2025-02-15 21:28:06,064 INFO o.j.r.PluginManagerMenuItem: Plugins Manager has upgrades: [jpgc-plugins-manager]
2025-02-15 21:28:14,113 INFO o.a.j.s.FileServer: Default base='/Users/liudmylamalomuzh/Downloads/BooksApiTesting'
2025-02-15 21:28:14,115 INFO o.a.j.g.a.Load: Loading file: /Users/liudmylamalomuzh/Downloads/BooksApiTesting/books_api_thread.jmx
2025-02-15 21:28:14,115 INFO o.a.j.s.FileServer: Set new base='/Users/liudmylamalomuzh/Downloads/BooksApiTesting'
2025-02-15 21:28:14,200 INFO o.a.j.s.SaveService: Testplan (JMX) version: 2.2. Testlog (JTL) version: 2.2
2025-02-15 21:28:14,204 INFO o.a.j.s.SaveService: Using SaveService properties version 5.0
2025-02-15 21:28:14,205 INFO o.a.j.s.SaveService: Using SaveService properties file encoding UTF-8
2025-02-15 21:28:14,205 INFO o.a.j.s.SaveService: Loading file: /Users/liudmylamalomuzh/Downloads/BooksApiTesting/books_api_thread.jmx
2025-02-15 21:28:14,253 INFO o.a.j.p.h.s.HTTPSamplerBase: Parser for text/html is org.apache.jmeter.protocol.http.parser.LagartoBasedHtmlParser
2025-02-15 21:28:14,253 INFO o.a.j.p.h.s.HTTPSamplerBase: Parser for application/xhtml+xml is org.apache.jmeter.protocol.http.parser.LagartoBasedHtmlParser
2025-02-15 21:28:14,253 INFO o.a.j.p.h.s.HTTPSamplerBase: Parser for application/xml is org.apache.jmeter.protocol.http.parser.LagartoBasedHtmlParser
2025-02-15 21:28:14,253 INFO o.a.j.p.h.s.HTTPSamplerBase: Parser for text/xml is org.apache.jmeter.protocol.http.parser.LagartoBasedHtmlParser
2025-02-15 21:28:14,253 INFO o.a.j.p.h.s.HTTPSamplerBase: Parser for text/vnd.wap.wml is org.apache.jmeter.protocol.http.parser.RegexpHTMLParser
2025-02-15 21:28:14,253 INFO o.a.j.p.h.s.HTTPSamplerBase: Parser for text/css is org.apache.jmeter.protocol.http.parser.CssParser
2025-02-15 21:28:14,513 INFO o.a.j.s.SampleResult: Note: Sample TimeStamps are START times
2025-02-15 21:28:14,513 INFO o.a.j.s.SampleResult: sampleresult.default.encoding is set to UTF-8
2025-02-15 21:28:14,513 INFO o.a.j.s.SampleResult: sampleresult.useNanoTime=true
2025-02-15 21:28:14,513 INFO o.a.j.s.SampleResult: sampleresult.nanoThreadSleep=5000
2025-02-15 21:28:14,565 INFO o.a.j.r.ClassFinder: Will scan jar /opt/homebrew/Cellar/jmeter/5.6.3/libexec/lib/ext/jmeter-plugins-manager-1.9.jar with filter ExtendsClassFilter [parents=[interface org.apache.jmeter.visualizers.ResultRenderer], inner=false, contains=null, notContains=null]. Consider exposing JMeter plugins via META-INF/services, and add JMeter-Skip-Class-Scanning=true manifest attribute so JMeter can skip classfile scanning
2025-02-15 21:28:14,577 INFO o.a.j.r.ClassFinder: Will scan jar /opt/homebrew/Cellar/jmeter/5.6.3/libexec/lib/ext/jmeter-plugins-manager-1.9.jar with filter ExtendsClassFilter [parents=[interface org.apache.jmeter.visualizers.RequestView], inner=false, contains=null, notContains=null]. Consider exposing JMeter plugins via META-INF/services, and add JMeter-Skip-Class-Scanning=true manifest attribute so JMeter can skip classfile scanning
2025-02-15 21:28:14,658 INFO o.a.j.r.ClassFinder: Will scan jar /opt/homebrew/Cellar/jmeter/5.6.3/libexec/lib/ext/jmeter-plugins-manager-1.9.jar with filter ExtendsClassFilter [parents=[interface org.apache.jmeter.visualizers.ResultRenderer], inner=false, contains=null, notContains=null]. Consider exposing JMeter plugins via META-INF/services, and add JMeter-Skip-Class-Scanning=true manifest attribute so JMeter can skip classfile scanning
2025-02-15 21:28:14,665 INFO o.a.j.r.ClassFinder: Will scan jar /opt/homebrew/Cellar/jmeter/5.6.3/libexec/lib/ext/jmeter-plugins-manager-1.9.jar with filter ExtendsClassFilter [parents=[interface org.apache.jmeter.visualizers.RequestView], inner=false, contains=null, notContains=null]. Consider exposing JMeter plugins via META-INF/services, and add JMeter-Skip-Class-Scanning=true manifest attribute so JMeter can skip classfile scanning
2025-02-15 21:28:14,694 INFO o.a.j.s.FileServer: Set new base='/Users/liudmylamalomuzh/Downloads/BooksApiTesting'
